[16:20:14] Starting Apple Assets generation...
[16:20:14] Reading P8 private key file...
[16:20:14] JWT token generated successfully
[16:20:14] Testing JWT token with App Store Connect API...
[16:20:15] SUCCESS: JWT token validated successfully with App Store Connect API
[16:20:15] Checking if Bundle ID 'com.twinklub.twinklub' exists...
[16:20:16] Bundle ID 'com.twinklub.twinklub' found
[16:20:16] Ensuring Push Notification capability is enabled for Bundle ID 'com.twinklub.twinklub'...
[16:20:20] Push Notification capability enabled.
[16:20:20] Generating RSA private key...
[16:20:20] Private key generated and saved
[16:20:20] Creating Certificate Signing Request...
[16:20:20] CSR generated and saved
[16:20:20] Creating iOS Distribution Certificate...
[16:20:21] Certificate created and downloaded
[16:20:21] Generating P12 file...
[16:20:21] P12 file generated successfully
[16:20:21] Creating provisioning profile for com.twinklub.twinklub with Push Notification capability...
[16:20:22] Provisioning profile created and downloaded
[16:20:22] Packaging files into ZIP archive...
[16:20:22] Added privatekey.key to package
[16:20:22] Added certificate.cer to package
[16:20:22] Added profile.mobileprovision to package
[16:20:22] Added certificate.p12 to package
[16:20:22] Files packaged successfully
[16:20:22] Apple Assets generation completed successfully!
[16:20:22] Files saved to: C:\Users\DELL\Downloads\output_2025-06-27_16-20-13

Final Status: SUCCESS
